2026-01-04 15:49:39 [INFO] SensorUI: 界面初始化开始
2026-01-04 15:49:39 [INFO] SensorUI: 界面初始化完成
2026-01-04 15:49:52 [INFO] SensorUI: 推理器已初始化: {'running': False, 'paused': False, 'target_freq': 100, 'actual_fps': 0.0, 'inferencer': {'model_type': 'lstm', 'device': 'cpu', 'window': '0/50', 'ready': False, 'output_cols': ['gait_phase', 'left_knee_angle', 'right_knee_angle']}, 'stats': {'frame_count': 0, 'total_time': 0.0, 'max_time': 0.0, 'min_time': inf, 'last_fps': 0.0}}
2026-01-04 15:50:03 [INFO] SensorUI: 推理器已初始化: {'running': False, 'paused': False, 'target_freq': 100, 'actual_fps': 0.0, 'inferencer': {'model_type': 'lstm', 'device': 'cpu', 'window': '0/50', 'ready': False, 'output_cols': ['gait_phase', 'left_knee_angle', 'right_knee_angle']}, 'stats': {'frame_count': 0, 'total_time': 0.0, 'max_time': 0.0, 'min_time': inf, 'last_fps': 0.0}}
2026-01-04 15:50:29 [INFO] SensorUI: 推理器已初始化: {'running': False, 'paused': False, 'target_freq': 100, 'actual_fps': 0.0, 'inferencer': {'model_type': 'lstm', 'device': 'cpu', 'window': '0/50', 'ready': False, 'output_cols': ['gait_phase', 'left_knee_angle', 'right_knee_angle']}, 'stats': {'frame_count': 0, 'total_time': 0.0, 'max_time': 0.0, 'min_time': inf, 'last_fps': 0.0}}
2026-01-04 15:50:53 [INFO] SensorUI: 推理器已初始化: {'running': False, 'paused': False, 'target_freq': 100, 'actual_fps': 0.0, 'inferencer': {'model_type': 'lstm', 'device': 'cpu', 'window': '0/50', 'ready': False, 'output_cols': ['gait_phase', 'left_knee_angle', 'right_knee_angle']}, 'stats': {'frame_count': 0, 'total_time': 0.0, 'max_time': 0.0, 'min_time': inf, 'last_fps': 0.0}}
2026-01-04 15:51:17 [INFO] SensorUI: 推理器已初始化: {'running': False, 'paused': False, 'target_freq': 100, 'actual_fps': 0.0, 'inferencer': {'model_type': 'lstm', 'device': 'cpu', 'window': '0/50', 'ready': False, 'output_cols': ['gait_phase', 'left_knee_angle', 'right_knee_angle']}, 'stats': {'frame_count': 0, 'total_time': 0.0, 'max_time': 0.0, 'min_time': inf, 'last_fps': 0.0}}
2026-01-04 15:51:29 [INFO] SensorUI: 推理器已初始化: {'running': False, 'paused': False, 'target_freq': 100, 'actual_fps': 0.0, 'inferencer': {'model_type': 'cnn', 'device': 'cpu', 'window': '0/50', 'ready': False, 'output_cols': ['gait_phase', 'left_knee_angle', 'right_knee_angle']}, 'stats': {'frame_count': 0, 'total_time': 0.0, 'max_time': 0.0, 'min_time': inf, 'last_fps': 0.0}}
2026-01-04 15:51:46 [INFO] SensorUI: 推理器已初始化: {'running': False, 'paused': False, 'target_freq': 100, 'actual_fps': 0.0, 'inferencer': {'model_type': 'lstm', 'device': 'cpu', 'window': '0/50', 'ready': False, 'output_cols': ['gait_phase', 'left_knee_angle', 'right_knee_angle']}, 'stats': {'frame_count': 0, 'total_time': 0.0, 'max_time': 0.0, 'min_time': inf, 'last_fps': 0.0}}
2026-01-04 16:09:26 [INFO] SensorUI: 界面初始化开始
2026-01-04 16:09:26 [INFO] SensorUI: 界面初始化完成
2026-01-04 16:09:38 [INFO] SensorUI: 推理器已初始化: {'running': False, 'paused': False, 'target_freq': 100, 'actual_fps': 0.0, 'inferencer': {'model_type': 'lstm', 'device': 'cpu', 'window': '0/50', 'ready': False, 'output_cols': ['gait_phase', 'left_knee_angle', 'right_knee_angle']}, 'stats': {'frame_count': 0, 'total_time': 0.0, 'max_time': 0.0, 'min_time': inf, 'last_fps': 0.0}}
2026-01-04 16:09:42 [INFO] SensorUI: 推理器已初始化: {'running': False, 'paused': False, 'target_freq': 100, 'actual_fps': 0.0, 'inferencer': {'model_type': 'lstm', 'device': 'cpu', 'window': '0/50', 'ready': False, 'output_cols': ['gait_phase', 'left_knee_angle', 'right_knee_angle']}, 'stats': {'frame_count': 0, 'total_time': 0.0, 'max_time': 0.0, 'min_time': inf, 'last_fps': 0.0}}
2026-01-04 16:09:47 [INFO] SensorUI: 推理器已初始化: {'running': False, 'paused': False, 'target_freq': 100, 'actual_fps': 0.0, 'inferencer': {'model_type': 'lstm', 'device': 'cpu', 'window': '0/50', 'ready': False, 'output_cols': ['gait_phase', 'left_knee_angle', 'right_knee_angle']}, 'stats': {'frame_count': 0, 'total_time': 0.0, 'max_time': 0.0, 'min_time': inf, 'last_fps': 0.0}}
2026-01-04 16:16:55 [INFO] SensorUI: 界面初始化开始
2026-01-04 16:16:55 [INFO] SensorUI: 界面初始化完成
2026-01-04 16:17:08 [INFO] SensorUI: 推理器已初始化: {'running': False, 'paused': False, 'target_freq': 100, 'actual_fps': 0.0, 'inferencer': {'model_type': 'lstm', 'device': 'cpu', 'window': '0/50', 'ready': False, 'output_cols': ['gait_phase', 'left_knee_angle', 'right_knee_angle']}, 'stats': {'frame_count': 0, 'total_time': 0.0, 'max_time': 0.0, 'min_time': inf, 'last_fps': 0.0}}
2026-01-04 16:17:14 [INFO] SensorUI: 正在关闭应用...
2026-01-04 16:17:17 [INFO] SensorUI: 应用已关闭
2026-01-04 16:18:03 [INFO] SensorUI: 界面初始化开始
2026-01-04 16:18:03 [INFO] SensorUI: 界面初始化完成
2026-01-04 16:18:11 [INFO] SensorUI: 推理器已初始化: {'running': False, 'paused': False, 'target_freq': 100, 'actual_fps': 0.0, 'inferencer': {'model_type': 'lstm', 'device': 'cpu', 'window': '0/50', 'ready': False, 'output_cols': ['gait_phase', 'left_knee_angle', 'right_knee_angle']}, 'stats': {'frame_count': 0, 'total_time': 0.0, 'max_time': 0.0, 'min_time': inf, 'last_fps': 0.0}}
2026-01-04 16:18:36 [INFO] SensorUI: 正在关闭应用...
2026-01-04 16:18:36 [INFO] SensorUI: 应用已关闭
